Cache sync 1 at Sat Mar  7 12:11:09 UTC 2026
Cache sync 2 at Sat Mar  7 12:11:09 UTC 2026
Cache sync 3 at Sat Mar  7 12:11:09 UTC 2026
Cache sync 4 at Sat Mar  7 12:11:09 UTC 2026
Cache sync 5 at Sat Mar  7 12:11:09 UTC 2026
Cache sync 6 at Sat Mar  7 12:11:09 UTC 2026
Cache sync 7 at Sat Mar  7 12:11:09 UTC 2026
Cache sync 8 at Sat Mar  7 12:11:09 UTC 2026
Cache sync 9 at Sat Mar  7 12:11:09 UTC 2026
Cache sync 10 at Sat Mar  7 12:11:10 UTC 2026
Cache sync 11 at Sat Mar  7 12:11:10 UTC 2026
Cache sync 12 at Sat Mar  7 12:11:10 UTC 2026
Cache sync 13 at Sat Mar  7 12:11:10 UTC 2026
Cache sync 14 at Sat Mar  7 12:11:10 UTC 2026
Cache sync 15 at Sat Mar  7 12:11:10 UTC 2026
Cache sync 16 at Sat Mar  7 12:11:10 UTC 2026
Cache sync 17 at Sat Mar  7 12:11:10 UTC 2026
Cache sync 18 at Sat Mar  7 12:11:10 UTC 2026
Cache sync 19 at Sat Mar  7 12:11:10 UTC 2026
Cache sync 20 at Sat Mar  7 12:11:10 UTC 2026
Cache sync 21 at Sat Mar  7 12:11:10 UTC 2026
Cache sync 22 at Sat Mar  7 12:11:10 UTC 2026
Cache sync 23 at Sat Mar  7 12:11:10 UTC 2026
Cache sync 24 at Sat Mar  7 12:11:10 UTC 2026
Cache sync 25 at Sat Mar  7 12:11:10 UTC 2026
Cache sync 26 at Sat Mar  7 12:11:10 UTC 2026
Cache sync 27 at Sat Mar  7 12:11:10 UTC 2026
Cache sync 28 at Sat Mar  7 12:11:10 UTC 2026
Cache sync 29 at Sat Mar  7 12:11:10 UTC 2026
Cache sync 30 at Sat Mar  7 12:11:10 UTC 2026
Cache sync 31 at Sat Mar  7 12:11:10 UTC 2026
Cache sync 32 at Sat Mar  7 12:11:10 UTC 2026
Cache sync 33 at Sat Mar  7 12:11:10 UTC 2026
Cache sync 34 at Sat Mar  7 12:11:10 UTC 2026
Cache sync 35 at Sat Mar  7 12:11:10 UTC 2026
Cache sync 36 at Sat Mar  7 12:11:10 UTC 2026
Cache sync 37 at Sat Mar  7 12:11:10 UTC 2026
Cache sync 38 at Sat Mar  7 12:11:10 UTC 2026
Cache sync 39 at Sat Mar  7 12:11:10 UTC 2026
Cache sync 40 at Sat Mar  7 12:11:10 UTC 2026
Cache sync 41 at Sat Mar  7 12:11:10 UTC 2026
Cache sync 42 at Sat Mar  7 12:11:10 UTC 2026
Cache sync 43 at Sat Mar  7 12:11:10 UTC 2026
Cache sync 44 at Sat Mar  7 12:11:10 UTC 2026
Cache sync 45 at Sat Mar  7 12:11:10 UTC 2026
Cache sync 46 at Sat Mar  7 12:11:10 UTC 2026
Cache sync 47 at Sat Mar  7 12:11:10 UTC 2026
Cache sync 48 at Sat Mar  7 12:11:10 UTC 2026
Cache sync 49 at Sat Mar  7 12:11:10 UTC 2026
Cache sync 50 at Sat Mar  7 12:11:10 UTC 2026
Cache sync 51 at Sat Mar  7 12:11:10 UTC 2026
Cache sync 52 at Sat Mar  7 12:11:10 UTC 2026
Cache sync 53 at Sat Mar  7 12:11:10 UTC 2026
Cache sync 54 at Sat Mar  7 12:11:10 UTC 2026
Cache sync 55 at Sat Mar  7 12:11:10 UTC 2026
Cache sync 56 at Sat Mar  7 12:11:10 UTC 2026
Cache sync 57 at Sat Mar  7 12:11:10 UTC 2026
Cache sync 58 at Sat Mar  7 12:11:10 UTC 2026
Cache sync 59 at Sat Mar  7 12:11:10 UTC 2026
Cache sync 60 at Sat Mar  7 12:11:10 UTC 2026
Cache sync 61 at Sat Mar  7 12:11:10 UTC 2026
Cache sync 62 at Sat Mar  7 12:11:10 UTC 2026
Cache sync 63 at Sat Mar  7 12:11:10 UTC 2026
Cache sync 64 at Sat Mar  7 12:11:10 UTC 2026
Cache sync 65 at Sat Mar  7 12:11:10 UTC 2026
Cache sync 66 at Sat Mar  7 12:11:10 UTC 2026
Cache sync 67 at Sat Mar  7 12:11:10 UTC 2026
Cache sync 68 at Sat Mar  7 12:11:10 UTC 2026
Cache sync 69 at Sat Mar  7 12:11:10 UTC 2026
Cache sync 70 at Sat Mar  7 12:11:10 UTC 2026
Cache sync 71 at Sat Mar  7 12:11:10 UTC 2026
Cache sync 72 at Sat Mar  7 12:11:10 UTC 2026
Cache sync 73 at Sat Mar  7 12:11:10 UTC 2026
Cache sync 74 at Sat Mar  7 12:11:10 UTC 2026
Cache sync 75 at Sat Mar  7 12:11:10 UTC 2026
Cache sync 76 at Sat Mar  7 12:11:10 UTC 2026
Cache sync 77 at Sat Mar  7 12:11:10 UTC 2026
Cache sync 78 at Sat Mar  7 12:11:10 UTC 2026
Cache sync 1 at Sun Mar  8 00:31:25 UTC 2026
Cache sync 2 at Sun Mar  8 00:31:25 UTC 2026
Cache sync 3 at Sun Mar  8 00:31:25 UTC 2026
Cache sync 4 at Sun Mar  8 00:31:25 UTC 2026
Cache sync 5 at Sun Mar  8 00:31:25 UTC 2026
Cache sync 6 at Sun Mar  8 00:31:25 UTC 2026
Cache sync 7 at Sun Mar  8 00:31:25 UTC 2026
Cache sync 8 at Sun Mar  8 00:31:25 UTC 2026
Cache sync 9 at Sun Mar  8 00:31:25 UTC 2026
Cache sync 10 at Sun Mar  8 00:31:25 UTC 2026
Cache sync 11 at Sun Mar  8 00:31:25 UTC 2026
Cache sync 12 at Sun Mar  8 00:31:25 UTC 2026
Cache sync 13 at Sun Mar  8 00:31:25 UTC 2026
Cache sync 14 at Sun Mar  8 00:31:25 UTC 2026
Cache sync 15 at Sun Mar  8 00:31:25 UTC 2026
Cache sync 16 at Sun Mar  8 00:31:25 UTC 2026
Cache sync 17 at Sun Mar  8 00:31:25 UTC 2026
Cache sync 18 at Sun Mar  8 00:31:26 UTC 2026
Cache sync 19 at Sun Mar  8 00:31:26 UTC 2026
Cache sync 20 at Sun Mar  8 00:31:26 UTC 2026
Cache sync 21 at Sun Mar  8 00:31:26 UTC 2026
Cache sync 22 at Sun Mar  8 00:31:26 UTC 2026
Cache sync 23 at Sun Mar  8 00:31:26 UTC 2026
Cache sync 24 at Sun Mar  8 00:31:26 UTC 2026
Cache sync 25 at Sun Mar  8 00:31:26 UTC 2026
Cache sync 26 at Sun Mar  8 00:31:26 UTC 2026
Cache sync 27 at Sun Mar  8 00:31:26 UTC 2026
Cache sync 28 at Sun Mar  8 00:31:26 UTC 2026
Cache sync 29 at Sun Mar  8 00:31:26 UTC 2026
Cache sync 1 at Mon Mar  9 00:31:16 UTC 2026
Cache sync 2 at Mon Mar  9 00:31:16 UTC 2026
Cache sync 3 at Mon Mar  9 00:31:16 UTC 2026
Cache sync 4 at Mon Mar  9 00:31:16 UTC 2026
Cache sync 5 at Mon Mar  9 00:31:16 UTC 2026
Cache sync 6 at Mon Mar  9 00:31:16 UTC 2026
Cache sync 7 at Mon Mar  9 00:31:16 UTC 2026
Cache sync 8 at Mon Mar  9 00:31:16 UTC 2026
Cache sync 9 at Mon Mar  9 00:31:16 UTC 2026
Cache sync 10 at Mon Mar  9 00:31:16 UTC 2026
Cache sync 11 at Mon Mar  9 00:31:16 UTC 2026
Cache sync 12 at Mon Mar  9 00:31:16 UTC 2026
Cache sync 13 at Mon Mar  9 00:31:16 UTC 2026
Cache sync 14 at Mon Mar  9 00:31:16 UTC 2026
Cache sync 15 at Mon Mar  9 00:31:16 UTC 2026
Cache sync 16 at Mon Mar  9 00:31:16 UTC 2026
Cache sync 17 at Mon Mar  9 00:31:16 UTC 2026
Cache sync 18 at Mon Mar  9 00:31:16 UTC 2026
Cache sync 19 at Mon Mar  9 00:31:16 UTC 2026
Cache sync 20 at Mon Mar  9 00:31:16 UTC 2026
Cache sync 21 at Mon Mar  9 00:31:16 UTC 2026
Cache sync 22 at Mon Mar  9 00:31:16 UTC 2026
Cache sync 23 at Mon Mar  9 00:31:16 UTC 2026
Cache sync 24 at Mon Mar  9 00:31:16 UTC 2026
Cache sync 1 at Tue Mar 10 00:27:53 UTC 2026
Cache sync 2 at Tue Mar 10 00:27:53 UTC 2026
Cache sync 3 at Tue Mar 10 00:27:53 UTC 2026
Cache sync 4 at Tue Mar 10 00:27:53 UTC 2026
Cache sync 5 at Tue Mar 10 00:27:53 UTC 2026
Cache sync 6 at Tue Mar 10 00:27:53 UTC 2026
Cache sync 1 at Tue Mar 10 12:16:07 UTC 2026
Cache sync 2 at Tue Mar 10 12:16:07 UTC 2026
Cache sync 3 at Tue Mar 10 12:16:07 UTC 2026
Cache sync 4 at Tue Mar 10 12:16:07 UTC 2026
Cache sync 5 at Tue Mar 10 12:16:07 UTC 2026
Cache sync 6 at Tue Mar 10 12:16:07 UTC 2026
Cache sync 7 at Tue Mar 10 12:16:07 UTC 2026
Cache sync 1 at Wed Mar 11 00:28:20 UTC 2026
Cache sync 2 at Wed Mar 11 00:28:20 UTC 2026
Cache sync 3 at Wed Mar 11 00:28:20 UTC 2026
Cache sync 4 at Wed Mar 11 00:28:20 UTC 2026
Cache sync 5 at Wed Mar 11 00:28:20 UTC 2026
Cache sync 6 at Wed Mar 11 00:28:20 UTC 2026
Cache sync 7 at Wed Mar 11 00:28:20 UTC 2026
Cache sync 8 at Wed Mar 11 00:28:20 UTC 2026
Cache sync 9 at Wed Mar 11 00:28:20 UTC 2026
Cache sync 10 at Wed Mar 11 00:28:20 UTC 2026
Cache sync 11 at Wed Mar 11 00:28:20 UTC 2026
Cache sync 12 at Wed Mar 11 00:28:20 UTC 2026
Cache sync 13 at Wed Mar 11 00:28:20 UTC 2026
Cache sync 14 at Wed Mar 11 00:28:20 UTC 2026
Cache sync 15 at Wed Mar 11 00:28:20 UTC 2026
Cache sync 16 at Wed Mar 11 00:28:20 UTC 2026
Cache sync 17 at Wed Mar 11 00:28:20 UTC 2026
Cache sync 18 at Wed Mar 11 00:28:20 UTC 2026
Cache sync 19 at Wed Mar 11 00:28:20 UTC 2026
Cache sync 20 at Wed Mar 11 00:28:20 UTC 2026
Cache sync 21 at Wed Mar 11 00:28:20 UTC 2026
Cache sync 22 at Wed Mar 11 00:28:20 UTC 2026
Cache sync 23 at Wed Mar 11 00:28:20 UTC 2026
Cache sync 24 at Wed Mar 11 00:28:20 UTC 2026
Cache sync 25 at Wed Mar 11 00:28:20 UTC 2026
Cache sync 26 at Wed Mar 11 00:28:20 UTC 2026
Cache sync 27 at Wed Mar 11 00:28:20 UTC 2026
Cache sync 28 at Wed Mar 11 00:28:20 UTC 2026
Cache sync 29 at Wed Mar 11 00:28:20 UTC 2026
Cache sync 30 at Wed Mar 11 00:28:20 UTC 2026
Cache sync 31 at Wed Mar 11 00:28:20 UTC 2026
Cache sync 32 at Wed Mar 11 00:28:20 UTC 2026
Cache sync 33 at Wed Mar 11 00:28:20 UTC 2026
Cache sync 34 at Wed Mar 11 00:28:20 UTC 2026
Cache sync 35 at Wed Mar 11 00:28:20 UTC 2026
Cache sync 36 at Wed Mar 11 00:28:20 UTC 2026
Cache sync 37 at Wed Mar 11 00:28:20 UTC 2026
Cache sync 38 at Wed Mar 11 00:28:20 UTC 2026
Cache sync 39 at Wed Mar 11 00:28:20 UTC 2026
Cache sync 40 at Wed Mar 11 00:28:20 UTC 2026
Cache sync 41 at Wed Mar 11 00:28:20 UTC 2026
Cache sync 42 at Wed Mar 11 00:28:20 UTC 2026
Cache sync 43 at Wed Mar 11 00:28:20 UTC 2026
Cache sync 44 at Wed Mar 11 00:28:20 UTC 2026
Cache sync 45 at Wed Mar 11 00:28:20 UTC 2026
Cache sync 46 at Wed Mar 11 00:28:20 UTC 2026
Cache sync 47 at Wed Mar 11 00:28:20 UTC 2026
Cache sync 48 at Wed Mar 11 00:28:20 UTC 2026
Cache sync 49 at Wed Mar 11 00:28:20 UTC 2026
Cache sync 50 at Wed Mar 11 00:28:20 UTC 2026
Cache sync 51 at Wed Mar 11 00:28:20 UTC 2026
Cache sync 52 at Wed Mar 11 00:28:20 UTC 2026
Cache sync 53 at Wed Mar 11 00:28:20 UTC 2026
Cache sync 54 at Wed Mar 11 00:28:20 UTC 2026
Cache sync 55 at Wed Mar 11 00:28:20 UTC 2026
Cache sync 56 at Wed Mar 11 00:28:20 UTC 2026
Cache sync 57 at Wed Mar 11 00:28:20 UTC 2026
Cache sync 58 at Wed Mar 11 00:28:20 UTC 2026
Cache sync 59 at Wed Mar 11 00:28:20 UTC 2026
Cache sync 60 at Wed Mar 11 00:28:20 UTC 2026
Cache sync 61 at Wed Mar 11 00:28:20 UTC 2026
Cache sync 62 at Wed Mar 11 00:28:20 UTC 2026
Cache sync 63 at Wed Mar 11 00:28:20 UTC 2026
Cache sync 64 at Wed Mar 11 00:28:20 UTC 2026
Cache sync 65 at Wed Mar 11 00:28:20 UTC 2026
Cache sync 66 at Wed Mar 11 00:28:20 UTC 2026
Cache sync 1 at Wed Mar 11 12:16:33 UTC 2026
Cache sync 2 at Wed Mar 11 12:16:33 UTC 2026
Cache sync 3 at Wed Mar 11 12:16:33 UTC 2026
Cache sync 4 at Wed Mar 11 12:16:33 UTC 2026
Cache sync 5 at Wed Mar 11 12:16:33 UTC 2026
Cache sync 6 at Wed Mar 11 12:16:33 UTC 2026
Cache sync 7 at Wed Mar 11 12:16:33 UTC 2026
Cache sync 8 at Wed Mar 11 12:16:33 UTC 2026
Cache sync 9 at Wed Mar 11 12:16:33 UTC 2026
Cache sync 10 at Wed Mar 11 12:16:33 UTC 2026
Cache sync 11 at Wed Mar 11 12:16:33 UTC 2026
Cache sync 12 at Wed Mar 11 12:16:33 UTC 2026
Cache sync 13 at Wed Mar 11 12:16:33 UTC 2026
Cache sync 14 at Wed Mar 11 12:16:33 UTC 2026
Cache sync 15 at Wed Mar 11 12:16:33 UTC 2026
Cache sync 16 at Wed Mar 11 12:16:33 UTC 2026
Cache sync 17 at Wed Mar 11 12:16:33 UTC 2026
Cache sync 18 at Wed Mar 11 12:16:33 UTC 2026
Cache sync 19 at Wed Mar 11 12:16:33 UTC 2026
Cache sync 20 at Wed Mar 11 12:16:33 UTC 2026
Cache sync 21 at Wed Mar 11 12:16:33 UTC 2026
Cache sync 22 at Wed Mar 11 12:16:33 UTC 2026
Cache sync 23 at Wed Mar 11 12:16:33 UTC 2026
Cache sync 24 at Wed Mar 11 12:16:33 UTC 2026
Cache sync 25 at Wed Mar 11 12:16:33 UTC 2026
Cache sync 26 at Wed Mar 11 12:16:33 UTC 2026
Cache sync 27 at Wed Mar 11 12:16:33 UTC 2026
Cache sync 28 at Wed Mar 11 12:16:33 UTC 2026
Cache sync 29 at Wed Mar 11 12:16:33 UTC 2026
Cache sync 30 at Wed Mar 11 12:16:33 UTC 2026
Cache sync 31 at Wed Mar 11 12:16:33 UTC 2026
Cache sync 32 at Wed Mar 11 12:16:33 UTC 2026
Cache sync 33 at Wed Mar 11 12:16:33 UTC 2026
Cache sync 34 at Wed Mar 11 12:16:33 UTC 2026
Cache sync 35 at Wed Mar 11 12:16:33 UTC 2026
Cache sync 36 at Wed Mar 11 12:16:33 UTC 2026
Cache sync 37 at Wed Mar 11 12:16:33 UTC 2026
Cache sync 38 at Wed Mar 11 12:16:33 UTC 2026
Cache sync 39 at Wed Mar 11 12:16:33 UTC 2026
Cache sync 40 at Wed Mar 11 12:16:33 UTC 2026
Cache sync 41 at Wed Mar 11 12:16:33 UTC 2026
Cache sync 42 at Wed Mar 11 12:16:33 UTC 2026
Cache sync 43 at Wed Mar 11 12:16:33 UTC 2026
Cache sync 44 at Wed Mar 11 12:16:33 UTC 2026
Cache sync 45 at Wed Mar 11 12:16:33 UTC 2026
Cache sync 46 at Wed Mar 11 12:16:33 UTC 2026
Cache sync 47 at Wed Mar 11 12:16:33 UTC 2026
Cache sync 48 at Wed Mar 11 12:16:33 UTC 2026
Cache sync 49 at Wed Mar 11 12:16:33 UTC 2026
Cache sync 50 at Wed Mar 11 12:16:33 UTC 2026
Cache sync 51 at Wed Mar 11 12:16:33 UTC 2026
Cache sync 52 at Wed Mar 11 12:16:33 UTC 2026
Cache sync 53 at Wed Mar 11 12:16:33 UTC 2026
Cache sync 54 at Wed Mar 11 12:16:33 UTC 2026
Cache sync 55 at Wed Mar 11 12:16:33 UTC 2026
Cache sync 56 at Wed Mar 11 12:16:33 UTC 2026
Cache sync 57 at Wed Mar 11 12:16:33 UTC 2026
Cache sync 58 at Wed Mar 11 12:16:33 UTC 2026
Cache sync 59 at Wed Mar 11 12:16:33 UTC 2026
Cache sync 60 at Wed Mar 11 12:16:33 UTC 2026
Cache sync 61 at Wed Mar 11 12:16:33 UTC 2026
Cache sync 62 at Wed Mar 11 12:16:33 UTC 2026
Cache sync 63 at Wed Mar 11 12:16:33 UTC 2026
Cache sync 64 at Wed Mar 11 12:16:33 UTC 2026
Cache sync 65 at Wed Mar 11 12:16:33 UTC 2026
Cache sync 66 at Wed Mar 11 12:16:33 UTC 2026
Cache sync 67 at Wed Mar 11 12:16:33 UTC 2026
Cache sync 68 at Wed Mar 11 12:16:33 UTC 2026
Cache sync 69 at Wed Mar 11 12:16:34 UTC 2026
Cache sync 70 at Wed Mar 11 12:16:34 UTC 2026
Cache sync 71 at Wed Mar 11 12:16:34 UTC 2026
Cache sync 72 at Wed Mar 11 12:16:34 UTC 2026
Cache sync 73 at Wed Mar 11 12:16:34 UTC 2026
Cache sync 74 at Wed Mar 11 12:16:34 UTC 2026
Cache sync 1 at Thu Mar 12 00:26:27 UTC 2026
Cache sync 2 at Thu Mar 12 00:26:27 UTC 2026
Cache sync 3 at Thu Mar 12 00:26:27 UTC 2026
Cache sync 4 at Thu Mar 12 00:26:27 UTC 2026
Cache sync 5 at Thu Mar 12 00:26:27 UTC 2026
Cache sync 6 at Thu Mar 12 00:26:27 UTC 2026
Cache sync 7 at Thu Mar 12 00:26:27 UTC 2026
Cache sync 8 at Thu Mar 12 00:26:27 UTC 2026
Cache sync 9 at Thu Mar 12 00:26:27 UTC 2026
Cache sync 10 at Thu Mar 12 00:26:27 UTC 2026
Cache sync 11 at Thu Mar 12 00:26:27 UTC 2026
Cache sync 12 at Thu Mar 12 00:26:27 UTC 2026
Cache sync 13 at Thu Mar 12 00:26:27 UTC 2026
Cache sync 14 at Thu Mar 12 00:26:27 UTC 2026
Cache sync 15 at Thu Mar 12 00:26:27 UTC 2026
Cache sync 16 at Thu Mar 12 00:26:27 UTC 2026
Cache sync 17 at Thu Mar 12 00:26:27 UTC 2026
Cache sync 18 at Thu Mar 12 00:26:27 UTC 2026
Cache sync 19 at Thu Mar 12 00:26:27 UTC 2026
Cache sync 20 at Thu Mar 12 00:26:27 UTC 2026
Cache sync 21 at Thu Mar 12 00:26:27 UTC 2026
Cache sync 22 at Thu Mar 12 00:26:27 UTC 2026
Cache sync 23 at Thu Mar 12 00:26:27 UTC 2026
Cache sync 24 at Thu Mar 12 00:26:27 UTC 2026
Cache sync 25 at Thu Mar 12 00:26:27 UTC 2026
Cache sync 26 at Thu Mar 12 00:26:27 UTC 2026
Cache sync 27 at Thu Mar 12 00:26:27 UTC 2026
Cache sync 28 at Thu Mar 12 00:26:27 UTC 2026
Cache sync 29 at Thu Mar 12 00:26:27 UTC 2026
Cache sync 30 at Thu Mar 12 00:26:27 UTC 2026
Cache sync 31 at Thu Mar 12 00:26:27 UTC 2026
Cache sync 32 at Thu Mar 12 00:26:27 UTC 2026
Cache sync 33 at Thu Mar 12 00:26:27 UTC 2026
